[0m15:21:21.291870 [debug] [MainThread]: Sending event: {'category': 'dbt', 'action': 'invocation', 'label': 'start', 'context': [<snowplow_tracker.self_describing_json.SelfDescribingJson object at 0x7f6ee6d041d0>, <snowplow_tracker.self_describing_json.SelfDescribingJson object at 0x7f6ee72f76b0>, <snowplow_tracker.self_describing_json.SelfDescribingJson object at 0x7f6ee7584b30>]}


============================== 15:21:21.296081 | d7a60fed-81f3-466c-9efd-cd8ab666c3e7 ==============================
[0m15:21:21.296081 [info ] [MainThread]: Running with dbt=1.7.14
[0m15:21:21.296956 [debug] [MainThread]: running dbt with arguments {'printer_width': '80', 'indirect_selection': 'eager', 'log_cache_events': 'False', 'write_json': 'True', 'partial_parse': 'True', 'cache_selected_only': 'False', 'warn_error': 'None', 'debug': 'False', 'fail_fast': 'False', 'log_path': '/workspace/DBT-Hackathon-2024/logs', 'version_check': 'True', 'profiles_dir': '/workspace/DBT-Hackathon-2024', 'use_colors': 'True', 'use_experimental_parser': 'False', 'no_print': 'None', 'quiet': 'False', 'log_format': 'default', 'introspect': 'True', 'warn_error_options': 'WarnErrorOptions(include=[], exclude=[])', 'invocation_command': 'dbt run -s null_detector.sql', 'target_path': 'None', 'static_parser': 'True', 'send_anonymous_usage_stats': 'True'}
[0m15:21:22.319304 [debug] [MainThread]: Sending event: {'category': 'dbt', 'action': 'project_id', 'label': 'd7a60fed-81f3-466c-9efd-cd8ab666c3e7', 'context': [<snowplow_tracker.self_describing_json.SelfDescribingJson object at 0x7f6eb1ec5280>]}
[0m15:21:22.393854 [debug] [MainThread]: Sending event: {'category': 'dbt', 'action': 'adapter_info', 'label': 'd7a60fed-81f3-466c-9efd-cd8ab666c3e7', 'context': [<snowplow_tracker.self_describing_json.SelfDescribingJson object at 0x7f6eb1af5a60>]}
[0m15:21:22.395080 [info ] [MainThread]: Registered adapter: snowflake=1.7.3
[0m15:21:22.404011 [debug] [MainThread]: checksum: ccbe0bccecb23e0b0bcca76d525b7d642e28acd474046360f7f33e61c6a2b781, vars: {}, profile: , target: , version: 1.7.14
[0m15:21:22.432951 [debug] [MainThread]: Partial parsing enabled: 0 files deleted, 0 files added, 0 files changed.
[0m15:21:22.433768 [debug] [MainThread]: Partial parsing enabled, no changes found, skipping parsing
[0m15:21:22.441250 [debug] [MainThread]: Sending event: {'category': 'dbt', 'action': 'load_project', 'label': 'd7a60fed-81f3-466c-9efd-cd8ab666c3e7', 'context': [<snowplow_tracker.self_describing_json.SelfDescribingJson object at 0x7f6eb19604d0>]}
[0m15:21:22.452703 [debug] [MainThread]: Sending event: {'category': 'dbt', 'action': 'resource_counts', 'label': 'd7a60fed-81f3-466c-9efd-cd8ab666c3e7', 'context': [<snowplow_tracker.self_describing_json.SelfDescribingJson object at 0x7f6eb17bac90>]}
[0m15:21:22.453527 [info ] [MainThread]: Found 5 models, 4 tests, 1 source, 0 exposures, 0 metrics, 432 macros, 0 groups, 0 semantic models
[0m15:21:22.454182 [debug] [MainThread]: Sending event: {'category': 'dbt', 'action': 'runnable_timing', 'label': 'd7a60fed-81f3-466c-9efd-cd8ab666c3e7', 'context': [<snowplow_tracker.self_describing_json.SelfDescribingJson object at 0x7f6eb19037a0>]}
[0m15:21:22.456452 [info ] [MainThread]: 
[0m15:21:22.458326 [debug] [MainThread]: Acquiring new snowflake connection 'master'
[0m15:21:22.460964 [debug] [ThreadPool]: Acquiring new snowflake connection 'list_HACKATHON'
[0m15:21:22.493399 [debug] [ThreadPool]: Using snowflake connection "list_HACKATHON"
[0m15:21:22.494219 [debug] [ThreadPool]: On list_HACKATHON: /* {"app": "dbt", "dbt_version": "1.7.14", "profile_name": "Hackathon", "target_name": "Snowflake_DB", "connection_name": "list_HACKATHON"} */
show terse schemas in database HACKATHON
    limit 10000
[0m15:21:22.494848 [debug] [ThreadPool]: Opening a new connection, currently in state init
[0m15:21:22.814779 [debug] [ThreadPool]: SQL status: SUCCESS 3 in 0.0 seconds
[0m15:21:22.817147 [debug] [ThreadPool]: On list_HACKATHON: Close
[0m15:21:22.882277 [debug] [ThreadPool]: Re-using an available connection from the pool (formerly list_HACKATHON, now list_HACKATHON_TEAM_06)
[0m15:21:22.894091 [debug] [ThreadPool]: Using snowflake connection "list_HACKATHON_TEAM_06"
[0m15:21:22.894948 [debug] [ThreadPool]: On list_HACKATHON_TEAM_06: /* {"app": "dbt", "dbt_version": "1.7.14", "profile_name": "Hackathon", "target_name": "Snowflake_DB", "connection_name": "list_HACKATHON_TEAM_06"} */
show terse objects in HACKATHON.TEAM_06 limit 10000
[0m15:21:22.895596 [debug] [ThreadPool]: Opening a new connection, currently in state closed
[0m15:21:23.312329 [debug] [ThreadPool]: SQL status: SUCCESS 2 in 0.0 seconds
[0m15:21:23.314750 [debug] [ThreadPool]: On list_HACKATHON_TEAM_06: Close
[0m15:21:23.378385 [debug] [MainThread]: Sending event: {'category': 'dbt', 'action': 'runnable_timing', 'label': 'd7a60fed-81f3-466c-9efd-cd8ab666c3e7', 'context': [<snowplow_tracker.self_describing_json.SelfDescribingJson object at 0x7f6eb37a1970>]}
[0m15:21:23.379656 [info ] [MainThread]: Concurrency: 1 threads (target='Snowflake_DB')
[0m15:21:23.380327 [info ] [MainThread]: 
[0m15:21:23.384121 [debug] [Thread-1 (]: Began running node model.Revolt_BI_Hackathon.null_detector
[0m15:21:23.385264 [info ] [Thread-1 (]: 1 of 1 START sql view model TEAM_06.null_detector .............................. [RUN]
[0m15:21:23.386529 [debug] [Thread-1 (]: Re-using an available connection from the pool (formerly list_HACKATHON_TEAM_06, now model.Revolt_BI_Hackathon.null_detector)
[0m15:21:23.387235 [debug] [Thread-1 (]: Began compiling node model.Revolt_BI_Hackathon.null_detector
[0m15:21:23.410654 [debug] [Thread-1 (]: Using snowflake connection "model.Revolt_BI_Hackathon.null_detector"
[0m15:21:23.411452 [debug] [Thread-1 (]: On model.Revolt_BI_Hackathon.null_detector: /* {"app": "dbt", "dbt_version": "1.7.14", "profile_name": "Hackathon", "target_name": "Snowflake_DB", "node_id": "model.Revolt_BI_Hackathon.null_detector"} */
describe table HACKATHON.DATA_SAMPLE.PIZZA_CUSTOMERS
[0m15:21:23.412061 [debug] [Thread-1 (]: Opening a new connection, currently in state closed
[0m15:21:23.738167 [debug] [Thread-1 (]: SQL status: SUCCESS 16 in 0.0 seconds
[0m15:21:23.741778 [debug] [Thread-1 (]: Writing injected SQL for node "model.Revolt_BI_Hackathon.null_detector"
[0m15:21:23.743139 [debug] [Thread-1 (]: Timing info for model.Revolt_BI_Hackathon.null_detector (compile): 15:21:23.387651 => 15:21:23.742716
[0m15:21:23.743788 [debug] [Thread-1 (]: Began executing node model.Revolt_BI_Hackathon.null_detector
[0m15:21:23.781285 [debug] [Thread-1 (]: Writing runtime sql for node "model.Revolt_BI_Hackathon.null_detector"
[0m15:21:23.784637 [debug] [Thread-1 (]: Using snowflake connection "model.Revolt_BI_Hackathon.null_detector"
[0m15:21:23.785577 [debug] [Thread-1 (]: On model.Revolt_BI_Hackathon.null_detector: /* {"app": "dbt", "dbt_version": "1.7.14", "profile_name": "Hackathon", "target_name": "Snowflake_DB", "node_id": "model.Revolt_BI_Hackathon.null_detector"} */
create or replace   view HACKATHON.TEAM_06.null_detector
  
   as (
    


SELECT





(100.0 * COUNT(CASE WHEN ID IS NULL THEN 1 END) / NULLIF(COUNT(*), 0)) AS "ID_missing_percentage",





(100.0 * COUNT(CASE WHEN CUSTOMER_STATUS IS NULL THEN 1 END) / NULLIF(COUNT(*), 0)) AS "CUSTOMER_STATUS_missing_percentage",





(100.0 * COUNT(CASE WHEN CUSTOMER_TYPE IS NULL THEN 1 END) / NULLIF(COUNT(*), 0)) AS "CUSTOMER_TYPE_missing_percentage",





(100.0 * COUNT(CASE WHEN CUSTOMER_CREATED IS NULL THEN 1 END) / NULLIF(COUNT(*), 0)) AS "CUSTOMER_CREATED_missing_percentage",





(100.0 * COUNT(CASE WHEN FIRST_NAME_HASH IS NULL THEN 1 END) / NULLIF(COUNT(*), 0)) AS "FIRST_NAME_HASH_missing_percentage",





(100.0 * COUNT(CASE WHEN SEX IS NULL THEN 1 END) / NULLIF(COUNT(*), 0)) AS "SEX_missing_percentage",





(100.0 * COUNT(CASE WHEN CUSTOMER_EMAIL_HASH IS NULL THEN 1 END) / NULLIF(COUNT(*), 0)) AS "CUSTOMER_EMAIL_HASH_missing_percentage",





(100.0 * COUNT(CASE WHEN CUSTOMER_PHONE_HASH IS NULL THEN 1 END) / NULLIF(COUNT(*), 0)) AS "CUSTOMER_PHONE_HASH_missing_percentage",





(100.0 * COUNT(CASE WHEN LAST_ORDER_DATE IS NULL THEN 1 END) / NULLIF(COUNT(*), 0)) AS "LAST_ORDER_DATE_missing_percentage",





(100.0 * COUNT(CASE WHEN RECENCY_DAYS IS NULL THEN 1 END) / NULLIF(COUNT(*), 0)) AS "RECENCY_DAYS_missing_percentage",





(100.0 * COUNT(CASE WHEN TRANSACTION_COUNT IS NULL THEN 1 END) / NULLIF(COUNT(*), 0)) AS "TRANSACTION_COUNT_missing_percentage",





(100.0 * COUNT(CASE WHEN TOTAL_ORDERED_AMOUNT IS NULL THEN 1 END) / NULLIF(COUNT(*), 0)) AS "TOTAL_ORDERED_AMOUNT_missing_percentage",





(100.0 * COUNT(CASE WHEN RECENCY_SCORE IS NULL THEN 1 END) / NULLIF(COUNT(*), 0)) AS "RECENCY_SCORE_missing_percentage",





(100.0 * COUNT(CASE WHEN FREQUENCY_SCORE IS NULL THEN 1 END) / NULLIF(COUNT(*), 0)) AS "FREQUENCY_SCORE_missing_percentage",





(100.0 * COUNT(CASE WHEN MONETARY_SCORE IS NULL THEN 1 END) / NULLIF(COUNT(*), 0)) AS "MONETARY_SCORE_missing_percentage",





(100.0 * COUNT(CASE WHEN RFM_SCORE IS NULL THEN 1 END) / NULLIF(COUNT(*), 0)) AS "RFM_SCORE_missing_percentage"-- Final column or placeholder

FROM HACKATHON.DATA_SAMPLE.PIZZA_CUSTOMERS
HAVING 

     < 6AND

     < 6AND

     < 6AND

     < 6AND

     < 6AND

     < 6AND

     < 6AND

     < 6AND

     < 6AND

     < 6AND

     < 6AND

     < 6AND

     < 6AND

     < 6AND

     < 6AND

     < 6


  );
[0m15:21:23.841292 [debug] [Thread-1 (]: Snowflake adapter: Snowflake query id: 01b43179-0202-a9af-0002-461e00171ffa
[0m15:21:23.842392 [debug] [Thread-1 (]: Snowflake adapter: Snowflake error: 001003 (42000): SQL compilation error:
syntax error line 108 at position 5 unexpected '<'.
syntax error line 110 at position 5 unexpected '<'.
syntax error line 112 at position 5 unexpected '<'.
syntax error line 114 at position 5 unexpected '<'.
syntax error line 116 at position 5 unexpected '<'.
syntax error line 118 at position 5 unexpected '<'.
syntax error line 120 at position 5 unexpected '<'.
syntax error line 122 at position 5 unexpected '<'.
syntax error line 124 at position 5 unexpected '<'.
syntax error line 126 at position 5 unexpected '<'.
syntax error line 128 at position 5 unexpected '<'.
syntax error line 130 at position 5 unexpected '<'.
syntax error line 132 at position 5 unexpected '<'.
syntax error line 134 at position 5 unexpected '<'.
syntax error line 136 at position 5 unexpected '<'.
syntax error line 138 at position 5 unexpected '<'.
[0m15:21:23.843447 [debug] [Thread-1 (]: Timing info for model.Revolt_BI_Hackathon.null_detector (execute): 15:21:23.744237 => 15:21:23.843077
[0m15:21:23.844120 [debug] [Thread-1 (]: On model.Revolt_BI_Hackathon.null_detector: Close
[0m15:21:23.914279 [debug] [Thread-1 (]: Database Error in model null_detector (models/example/null_detector.sql)
  001003 (42000): SQL compilation error:
  syntax error line 108 at position 5 unexpected '<'.
  syntax error line 110 at position 5 unexpected '<'.
  syntax error line 112 at position 5 unexpected '<'.
  syntax error line 114 at position 5 unexpected '<'.
  syntax error line 116 at position 5 unexpected '<'.
  syntax error line 118 at position 5 unexpected '<'.
  syntax error line 120 at position 5 unexpected '<'.
  syntax error line 122 at position 5 unexpected '<'.
  syntax error line 124 at position 5 unexpected '<'.
  syntax error line 126 at position 5 unexpected '<'.
  syntax error line 128 at position 5 unexpected '<'.
  syntax error line 130 at position 5 unexpected '<'.
  syntax error line 132 at position 5 unexpected '<'.
  syntax error line 134 at position 5 unexpected '<'.
  syntax error line 136 at position 5 unexpected '<'.
  syntax error line 138 at position 5 unexpected '<'.
  compiled Code at target/run/Revolt_BI_Hackathon/models/example/null_detector.sql
[0m15:21:23.915239 [debug] [Thread-1 (]: Sending event: {'category': 'dbt', 'action': 'run_model', 'label': 'd7a60fed-81f3-466c-9efd-cd8ab666c3e7', 'context': [<snowplow_tracker.self_describing_json.SelfDescribingJson object at 0x7f6eb1961220>]}
[0m15:21:23.916169 [error] [Thread-1 (]: 1 of 1 ERROR creating sql view model TEAM_06.null_detector ..................... [[31mERROR[0m in 0.53s]
[0m15:21:23.917163 [debug] [Thread-1 (]: Finished running node model.Revolt_BI_Hackathon.null_detector
[0m15:21:23.921154 [debug] [MainThread]: Connection 'master' was properly closed.
[0m15:21:23.922008 [debug] [MainThread]: Connection 'model.Revolt_BI_Hackathon.null_detector' was properly closed.
[0m15:21:23.922633 [info ] [MainThread]: 
[0m15:21:23.923416 [info ] [MainThread]: Finished running 1 view model in 0 hours 0 minutes and 1.47 seconds (1.47s).
[0m15:21:23.924520 [debug] [MainThread]: Command end result
[0m15:21:23.934036 [info ] [MainThread]: 
[0m15:21:23.934734 [info ] [MainThread]: [31mCompleted with 1 error and 0 warnings:[0m
[0m15:21:23.935352 [info ] [MainThread]: 
[0m15:21:23.935950 [error] [MainThread]:   Database Error in model null_detector (models/example/null_detector.sql)
  001003 (42000): SQL compilation error:
  syntax error line 108 at position 5 unexpected '<'.
  syntax error line 110 at position 5 unexpected '<'.
  syntax error line 112 at position 5 unexpected '<'.
  syntax error line 114 at position 5 unexpected '<'.
  syntax error line 116 at position 5 unexpected '<'.
  syntax error line 118 at position 5 unexpected '<'.
  syntax error line 120 at position 5 unexpected '<'.
  syntax error line 122 at position 5 unexpected '<'.
  syntax error line 124 at position 5 unexpected '<'.
  syntax error line 126 at position 5 unexpected '<'.
  syntax error line 128 at position 5 unexpected '<'.
  syntax error line 130 at position 5 unexpected '<'.
  syntax error line 132 at position 5 unexpected '<'.
  syntax error line 134 at position 5 unexpected '<'.
  syntax error line 136 at position 5 unexpected '<'.
  syntax error line 138 at position 5 unexpected '<'.
  compiled Code at target/run/Revolt_BI_Hackathon/models/example/null_detector.sql
[0m15:21:23.936596 [info ] [MainThread]: 
[0m15:21:23.937216 [info ] [MainThread]: Done. PASS=0 WARN=0 ERROR=1 SKIP=0 TOTAL=1
[0m15:21:23.938845 [debug] [MainThread]: Resource report: {"command_name": "run", "command_wall_clock_time": 2.7015169, "process_user_time": 3.784479, "process_kernel_time": 0.526291, "process_mem_max_rss": "199936", "process_in_blocks": "52672", "process_out_blocks": "1840", "command_success": false}
[0m15:21:23.939677 [debug] [MainThread]: Command `dbt run` failed at 15:21:23.939461 after 2.70 seconds
[0m15:21:23.940297 [debug] [MainThread]: Sending event: {'category': 'dbt', 'action': 'invocation', 'label': 'end', 'context': [<snowplow_tracker.self_describing_json.SelfDescribingJson object at 0x7f6ee90f5b80>, <snowplow_tracker.self_describing_json.SelfDescribingJson object at 0x7f6ee7fecd10>, <snowplow_tracker.self_describing_json.SelfDescribingJson object at 0x7f6eb2d84620>]}
[0m15:21:23.940978 [debug] [MainThread]: Flushing usage events
[0m15:36:30.148823 [debug] [MainThread]: Sending event: {'category': 'dbt', 'action': 'invocation', 'label': 'start', 'context': [<snowplow_tracker.self_describing_json.SelfDescribingJson object at 0x7f88b447e330>, <snowplow_tracker.self_describing_json.SelfDescribingJson object at 0x7f88b447c0b0>, <snowplow_tracker.self_describing_json.SelfDescribingJson object at 0x7f88b447df10>]}


============================== 15:36:30.153746 | 50863d21-2071-4f54-814b-13d749511ba5 ==============================
[0m15:36:30.153746 [info ] [MainThread]: Running with dbt=1.7.14
[0m15:36:30.154651 [debug] [MainThread]: running dbt with arguments {'printer_width': '80', 'indirect_selection': 'eager', 'log_cache_events': 'False', 'write_json': 'True', 'partial_parse': 'True', 'cache_selected_only': 'False', 'profiles_dir': '/workspace/DBT-Hackathon-2024', 'debug': 'False', 'fail_fast': 'False', 'log_path': '/workspace/DBT-Hackathon-2024/logs', 'warn_error': 'None', 'version_check': 'True', 'use_colors': 'True', 'use_experimental_parser': 'False', 'no_print': 'None', 'quiet': 'False', 'log_format': 'default', 'static_parser': 'True', 'introspect': 'True', 'invocation_command': 'dbt run -s null_detector.sql', 'target_path': 'None', 'warn_error_options': 'WarnErrorOptions(include=[], exclude=[])', 'send_anonymous_usage_stats': 'True'}
[0m15:36:31.182998 [debug] [MainThread]: Sending event: {'category': 'dbt', 'action': 'project_id', 'label': '50863d21-2071-4f54-814b-13d749511ba5', 'context': [<snowplow_tracker.self_describing_json.SelfDescribingJson object at 0x7f8884250ce0>]}
[0m15:36:31.256222 [debug] [MainThread]: Sending event: {'category': 'dbt', 'action': 'adapter_info', 'label': '50863d21-2071-4f54-814b-13d749511ba5', 'context': [<snowplow_tracker.self_describing_json.SelfDescribingJson object at 0x7f88b4531610>]}
[0m15:36:31.257319 [info ] [MainThread]: Registered adapter: snowflake=1.7.3
[0m15:36:31.266823 [debug] [MainThread]: checksum: ccbe0bccecb23e0b0bcca76d525b7d642e28acd474046360f7f33e61c6a2b781, vars: {}, profile: , target: , version: 1.7.14
[0m15:36:31.294561 [debug] [MainThread]: Partial parsing enabled: 0 files deleted, 0 files added, 0 files changed.
[0m15:36:31.295258 [debug] [MainThread]: Partial parsing enabled, no changes found, skipping parsing
[0m15:36:31.302694 [debug] [MainThread]: Sending event: {'category': 'dbt', 'action': 'load_project', 'label': '50863d21-2071-4f54-814b-13d749511ba5', 'context': [<snowplow_tracker.self_describing_json.SelfDescribingJson object at 0x7f887f5b4890>]}
[0m15:36:31.314383 [debug] [MainThread]: Sending event: {'category': 'dbt', 'action': 'resource_counts', 'label': '50863d21-2071-4f54-814b-13d749511ba5', 'context': [<snowplow_tracker.self_describing_json.SelfDescribingJson object at 0x7f887eb7f650>]}
[0m15:36:31.315185 [info ] [MainThread]: Found 5 models, 4 tests, 1 source, 0 exposures, 0 metrics, 432 macros, 0 groups, 0 semantic models
[0m15:36:31.315975 [debug] [MainThread]: Sending event: {'category': 'dbt', 'action': 'runnable_timing', 'label': '50863d21-2071-4f54-814b-13d749511ba5', 'context': [<snowplow_tracker.self_describing_json.SelfDescribingJson object at 0x7f88b07aa240>]}
[0m15:36:31.318664 [info ] [MainThread]: 
[0m15:36:31.319861 [debug] [MainThread]: Acquiring new snowflake connection 'master'
[0m15:36:31.321892 [debug] [ThreadPool]: Acquiring new snowflake connection 'list_HACKATHON'
[0m15:36:31.339399 [debug] [ThreadPool]: Using snowflake connection "list_HACKATHON"
[0m15:36:31.340188 [debug] [ThreadPool]: On list_HACKATHON: /* {"app": "dbt", "dbt_version": "1.7.14", "profile_name": "Hackathon", "target_name": "Snowflake_DB", "connection_name": "list_HACKATHON"} */
show terse schemas in database HACKATHON
    limit 10000
[0m15:36:31.340752 [debug] [ThreadPool]: Opening a new connection, currently in state init
[0m15:36:31.660584 [debug] [ThreadPool]: SQL status: SUCCESS 3 in 0.0 seconds
[0m15:36:31.662944 [debug] [ThreadPool]: On list_HACKATHON: Close
[0m15:36:33.465113 [debug] [ThreadPool]: Re-using an available connection from the pool (formerly list_HACKATHON, now list_HACKATHON_TEAM_06)
[0m15:36:33.476776 [debug] [ThreadPool]: Using snowflake connection "list_HACKATHON_TEAM_06"
[0m15:36:33.477458 [debug] [ThreadPool]: On list_HACKATHON_TEAM_06: /* {"app": "dbt", "dbt_version": "1.7.14", "profile_name": "Hackathon", "target_name": "Snowflake_DB", "connection_name": "list_HACKATHON_TEAM_06"} */
show terse objects in HACKATHON.TEAM_06 limit 10000
[0m15:36:33.478012 [debug] [ThreadPool]: Opening a new connection, currently in state closed
[0m15:36:33.817843 [debug] [ThreadPool]: SQL status: SUCCESS 2 in 0.0 seconds
[0m15:36:33.820490 [debug] [ThreadPool]: On list_HACKATHON_TEAM_06: Close
[0m15:36:33.886742 [debug] [MainThread]: Sending event: {'category': 'dbt', 'action': 'runnable_timing', 'label': '50863d21-2071-4f54-814b-13d749511ba5', 'context': [<snowplow_tracker.self_describing_json.SelfDescribingJson object at 0x7f887f3cfe00>]}
[0m15:36:33.888208 [info ] [MainThread]: Concurrency: 1 threads (target='Snowflake_DB')
[0m15:36:33.888968 [info ] [MainThread]: 
[0m15:36:33.892712 [debug] [Thread-1 (]: Began running node model.Revolt_BI_Hackathon.null_detector
[0m15:36:33.893919 [info ] [Thread-1 (]: 1 of 1 START sql view model TEAM_06.null_detector .............................. [RUN]
[0m15:36:33.895204 [debug] [Thread-1 (]: Re-using an available connection from the pool (formerly list_HACKATHON_TEAM_06, now model.Revolt_BI_Hackathon.null_detector)
[0m15:36:33.895871 [debug] [Thread-1 (]: Began compiling node model.Revolt_BI_Hackathon.null_detector
[0m15:36:33.916991 [debug] [Thread-1 (]: Using snowflake connection "model.Revolt_BI_Hackathon.null_detector"
[0m15:36:33.917797 [debug] [Thread-1 (]: On model.Revolt_BI_Hackathon.null_detector: /* {"app": "dbt", "dbt_version": "1.7.14", "profile_name": "Hackathon", "target_name": "Snowflake_DB", "node_id": "model.Revolt_BI_Hackathon.null_detector"} */
describe table HACKATHON.DATA_SAMPLE.PIZZA_CUSTOMERS
[0m15:36:33.918448 [debug] [Thread-1 (]: Opening a new connection, currently in state closed
[0m15:36:34.228473 [debug] [Thread-1 (]: SQL status: SUCCESS 16 in 0.0 seconds
[0m15:36:34.232059 [debug] [Thread-1 (]: Writing injected SQL for node "model.Revolt_BI_Hackathon.null_detector"
[0m15:36:34.233317 [debug] [Thread-1 (]: Timing info for model.Revolt_BI_Hackathon.null_detector (compile): 15:36:33.896277 => 15:36:34.232870
[0m15:36:34.234171 [debug] [Thread-1 (]: Began executing node model.Revolt_BI_Hackathon.null_detector
[0m15:36:34.275031 [debug] [Thread-1 (]: Writing runtime sql for node "model.Revolt_BI_Hackathon.null_detector"
[0m15:36:34.278338 [debug] [Thread-1 (]: Using snowflake connection "model.Revolt_BI_Hackathon.null_detector"
[0m15:36:34.279198 [debug] [Thread-1 (]: On model.Revolt_BI_Hackathon.null_detector: /* {"app": "dbt", "dbt_version": "1.7.14", "profile_name": "Hackathon", "target_name": "Snowflake_DB", "node_id": "model.Revolt_BI_Hackathon.null_detector"} */
create or replace   view HACKATHON.TEAM_06.null_detector
  
   as (
    



SELECT

    --COUNT(*) OVER() AS ID_total_rows,
    --COUNT(CASE WHEN ID IS NULL THEN 1 END) AS "ID_missing",
    ROUND(100.0 * COUNT(CASE WHEN ID IS NULL THEN 1 END) / NULLIF(COUNT(*), 0), 2) AS "ID_missing_percentage", 

    --COUNT(*) OVER() AS CUSTOMER_STATUS_total_rows,
    --COUNT(CASE WHEN CUSTOMER_STATUS IS NULL THEN 1 END) AS "CUSTOMER_STATUS_missing",
    ROUND(100.0 * COUNT(CASE WHEN CUSTOMER_STATUS IS NULL THEN 1 END) / NULLIF(COUNT(*), 0), 2) AS "CUSTOMER_STATUS_missing_percentage", 

    --COUNT(*) OVER() AS CUSTOMER_TYPE_total_rows,
    --COUNT(CASE WHEN CUSTOMER_TYPE IS NULL THEN 1 END) AS "CUSTOMER_TYPE_missing",
    ROUND(100.0 * COUNT(CASE WHEN CUSTOMER_TYPE IS NULL THEN 1 END) / NULLIF(COUNT(*), 0), 2) AS "CUSTOMER_TYPE_missing_percentage", 

    --COUNT(*) OVER() AS CUSTOMER_CREATED_total_rows,
    --COUNT(CASE WHEN CUSTOMER_CREATED IS NULL THEN 1 END) AS "CUSTOMER_CREATED_missing",
    ROUND(100.0 * COUNT(CASE WHEN CUSTOMER_CREATED IS NULL THEN 1 END) / NULLIF(COUNT(*), 0), 2) AS "CUSTOMER_CREATED_missing_percentage", 

    --COUNT(*) OVER() AS FIRST_NAME_HASH_total_rows,
    --COUNT(CASE WHEN FIRST_NAME_HASH IS NULL THEN 1 END) AS "FIRST_NAME_HASH_missing",
    ROUND(100.0 * COUNT(CASE WHEN FIRST_NAME_HASH IS NULL THEN 1 END) / NULLIF(COUNT(*), 0), 2) AS "FIRST_NAME_HASH_missing_percentage", 

    --COUNT(*) OVER() AS SEX_total_rows,
    --COUNT(CASE WHEN SEX IS NULL THEN 1 END) AS "SEX_missing",
    ROUND(100.0 * COUNT(CASE WHEN SEX IS NULL THEN 1 END) / NULLIF(COUNT(*), 0), 2) AS "SEX_missing_percentage", 

    --COUNT(*) OVER() AS CUSTOMER_EMAIL_HASH_total_rows,
    --COUNT(CASE WHEN CUSTOMER_EMAIL_HASH IS NULL THEN 1 END) AS "CUSTOMER_EMAIL_HASH_missing",
    ROUND(100.0 * COUNT(CASE WHEN CUSTOMER_EMAIL_HASH IS NULL THEN 1 END) / NULLIF(COUNT(*), 0), 2) AS "CUSTOMER_EMAIL_HASH_missing_percentage", 

    --COUNT(*) OVER() AS CUSTOMER_PHONE_HASH_total_rows,
    --COUNT(CASE WHEN CUSTOMER_PHONE_HASH IS NULL THEN 1 END) AS "CUSTOMER_PHONE_HASH_missing",
    ROUND(100.0 * COUNT(CASE WHEN CUSTOMER_PHONE_HASH IS NULL THEN 1 END) / NULLIF(COUNT(*), 0), 2) AS "CUSTOMER_PHONE_HASH_missing_percentage", 

    --COUNT(*) OVER() AS LAST_ORDER_DATE_total_rows,
    --COUNT(CASE WHEN LAST_ORDER_DATE IS NULL THEN 1 END) AS "LAST_ORDER_DATE_missing",
    ROUND(100.0 * COUNT(CASE WHEN LAST_ORDER_DATE IS NULL THEN 1 END) / NULLIF(COUNT(*), 0), 2) AS "LAST_ORDER_DATE_missing_percentage", 

    --COUNT(*) OVER() AS RECENCY_DAYS_total_rows,
    --COUNT(CASE WHEN RECENCY_DAYS IS NULL THEN 1 END) AS "RECENCY_DAYS_missing",
    ROUND(100.0 * COUNT(CASE WHEN RECENCY_DAYS IS NULL THEN 1 END) / NULLIF(COUNT(*), 0), 2) AS "RECENCY_DAYS_missing_percentage", 

    --COUNT(*) OVER() AS TRANSACTION_COUNT_total_rows,
    --COUNT(CASE WHEN TRANSACTION_COUNT IS NULL THEN 1 END) AS "TRANSACTION_COUNT_missing",
    ROUND(100.0 * COUNT(CASE WHEN TRANSACTION_COUNT IS NULL THEN 1 END) / NULLIF(COUNT(*), 0), 2) AS "TRANSACTION_COUNT_missing_percentage", 

    --COUNT(*) OVER() AS TOTAL_ORDERED_AMOUNT_total_rows,
    --COUNT(CASE WHEN TOTAL_ORDERED_AMOUNT IS NULL THEN 1 END) AS "TOTAL_ORDERED_AMOUNT_missing",
    ROUND(100.0 * COUNT(CASE WHEN TOTAL_ORDERED_AMOUNT IS NULL THEN 1 END) / NULLIF(COUNT(*), 0), 2) AS "TOTAL_ORDERED_AMOUNT_missing_percentage", 

    --COUNT(*) OVER() AS RECENCY_SCORE_total_rows,
    --COUNT(CASE WHEN RECENCY_SCORE IS NULL THEN 1 END) AS "RECENCY_SCORE_missing",
    ROUND(100.0 * COUNT(CASE WHEN RECENCY_SCORE IS NULL THEN 1 END) / NULLIF(COUNT(*), 0), 2) AS "RECENCY_SCORE_missing_percentage", 

    --COUNT(*) OVER() AS FREQUENCY_SCORE_total_rows,
    --COUNT(CASE WHEN FREQUENCY_SCORE IS NULL THEN 1 END) AS "FREQUENCY_SCORE_missing",
    ROUND(100.0 * COUNT(CASE WHEN FREQUENCY_SCORE IS NULL THEN 1 END) / NULLIF(COUNT(*), 0), 2) AS "FREQUENCY_SCORE_missing_percentage", 

    --COUNT(*) OVER() AS MONETARY_SCORE_total_rows,
    --COUNT(CASE WHEN MONETARY_SCORE IS NULL THEN 1 END) AS "MONETARY_SCORE_missing",
    ROUND(100.0 * COUNT(CASE WHEN MONETARY_SCORE IS NULL THEN 1 END) / NULLIF(COUNT(*), 0), 2) AS "MONETARY_SCORE_missing_percentage", 

    --COUNT(*) OVER() AS RFM_SCORE_total_rows,
    --COUNT(CASE WHEN RFM_SCORE IS NULL THEN 1 END) AS "RFM_SCORE_missing",
    ROUND(100.0 * COUNT(CASE WHEN RFM_SCORE IS NULL THEN 1 END) / NULLIF(COUNT(*), 0), 2) AS "RFM_SCORE_missing_percentage"

FROM HACKATHON.DATA_SAMPLE.PIZZA_CUSTOMERS


  );
[0m15:36:34.478072 [debug] [Thread-1 (]: SQL status: SUCCESS 1 in 0.0 seconds
[0m15:36:34.505575 [debug] [Thread-1 (]: Timing info for model.Revolt_BI_Hackathon.null_detector (execute): 15:36:34.234620 => 15:36:34.505115
[0m15:36:34.506312 [debug] [Thread-1 (]: On model.Revolt_BI_Hackathon.null_detector: Close
[0m15:36:34.572862 [debug] [Thread-1 (]: Sending event: {'category': 'dbt', 'action': 'run_model', 'label': '50863d21-2071-4f54-814b-13d749511ba5', 'context': [<snowplow_tracker.self_describing_json.SelfDescribingJson object at 0x7f887edad220>]}
[0m15:36:34.574030 [info ] [Thread-1 (]: 1 of 1 OK created sql view model TEAM_06.null_detector ......................... [[32mSUCCESS 1[0m in 0.68s]
[0m15:36:34.575146 [debug] [Thread-1 (]: Finished running node model.Revolt_BI_Hackathon.null_detector
[0m15:36:34.577865 [debug] [MainThread]: Connection 'master' was properly closed.
[0m15:36:34.578555 [debug] [MainThread]: Connection 'model.Revolt_BI_Hackathon.null_detector' was properly closed.
[0m15:36:34.579159 [info ] [MainThread]: 
[0m15:36:34.579841 [info ] [MainThread]: Finished running 1 view model in 0 hours 0 minutes and 3.26 seconds (3.26s).
[0m15:36:34.581016 [debug] [MainThread]: Command end result
[0m15:36:34.590142 [info ] [MainThread]: 
[0m15:36:34.590905 [info ] [MainThread]: [32mCompleted successfully[0m
[0m15:36:34.591635 [info ] [MainThread]: 
[0m15:36:34.592352 [info ] [MainThread]: Done. PASS=1 WARN=0 ERROR=0 SKIP=0 TOTAL=1
[0m15:36:34.593651 [debug] [MainThread]: Resource report: {"command_name": "run", "command_success": true, "command_wall_clock_time": 4.4972973, "process_user_time": 3.798054, "process_kernel_time": 0.610904, "process_mem_max_rss": "199416", "process_in_blocks": "53160", "process_out_blocks": "1856"}
[0m15:36:34.594528 [debug] [MainThread]: Command `dbt run` succeeded at 15:36:34.594299 after 4.50 seconds
[0m15:36:34.595166 [debug] [MainThread]: Sending event: {'category': 'dbt', 'action': 'invocation', 'label': 'end', 'context': [<snowplow_tracker.self_describing_json.SelfDescribingJson object at 0x7f88b512af30>, <snowplow_tracker.self_describing_json.SelfDescribingJson object at 0x7f88b55162a0>, <snowplow_tracker.self_describing_json.SelfDescribingJson object at 0x7f887efdd5e0>]}
[0m15:36:34.595830 [debug] [MainThread]: Flushing usage events
